<?xml version="1.0" encoding="UTF-8"?>
<!-- Generated by org.testng.reporters.JUnitReportReporter -->
<testsuite skipped="0" hostname="DESKTOP-648CC2F" name="test.login" tests="1" failures="0" timestamp="02 Oct 2018 16:25:21 GMT" time="47.374" errors="1">
  <testcase name="logInToGmail" time="47.374" classname="test.login">
    <error type="org.openqa.selenium.WebDriverException" message="Failed to connect to binary FirefoxBinary(C:\Program Files (x86)\Mozilla Firefox\firefox.exe) on port 7055; process output follows: 
69	addons.xpi	DEBUG	Registering manifest for C:\Program Files (x86)\Mozilla Firefox\browser\features\firefox@getpocket.com.xpi
1538497477470	addons.xpi	DEBUG	Calling bootstrap method startup on firefox@getpocket.com version 1.0.2
1538497477470	addons.xpi	DEBUG	Registering manifest for C:\Program Files (x86)\Mozilla Firefox\browser\features\loop@mozilla.org.xpi
1538497477471	addons.xpi	DEBUG	Calling bootstrap method startup on loop@mozilla.org version 1.3.2
1538497477485	addons.xpi	DEBUG	Registering manifest for C:\Program Files (x86)\Mozilla Firefox\browser\features\websensehelper@mozilla.org.xpi
1538497477485	addons.xpi	DEBUG	Calling bootstrap method startup on websensehelper@mozilla.org version 1.0
1538497477488	addons.manager	DEBUG	Registering shutdown blocker for XPIProvider
1538497477488	addons.manager	DEBUG	Provider finished startup: XPIProvider
1538497477488	addons.manager	DEBUG	Starting provider: LightweightThemeManager
1538497477489	addons.manager	DEBUG	Registering shutdown blocker for LightweightThemeManager
1538497477489	addons.manager	DEBUG	Provider finished startup: LightweightThemeManager
1538497477489	addons.manager	DEBUG	Starting provider: GMPProvider
1538497477493	addons.manager	DEBUG	Registering shutdown blocker for GMPProvider
1538497477493	addons.manager	DEBUG	Provider finished startup: GMPProvider
1538497477494	addons.manager	DEBUG	Starting provider: PluginProvider
1538497477494	addons.manager	DEBUG	Registering shutdown blocker for PluginProvider
1538497477494	addons.manager	DEBUG	Provider finished startup: PluginProvider
1538497477494	addons.manager	DEBUG	Completed startup sequence
[GFX1]: Potential driver version mismatch ignored due to missing DLLs 0.0.0.0 and 0.0.0.0
1538497478854	addons.manager	DEBUG	Starting provider: &lt;unnamed-provider&gt;
1538497478854	addons.manager	DEBUG	Registering shutdown blocker for &lt;unnamed-provider&gt;
1538497478854	addons.manager	DEBUG	Provider finished startup: &lt;unnamed-provider&gt;
1538497479343	DeferredSave.extensions.json	DEBUG	Write succeeded
1538497479344	addons.xpi-utils	DEBUG	XPI Database saved, setting schema version preference to 17
1538497479344	DeferredSave.extensions.json	DEBUG	Starting timer
1538497479358	addons.repository	DEBUG	No addons.json found.
1538497479358	DeferredSave.addons.json	DEBUG	Save changes
1538497479360	DeferredSave.addons.json	DEBUG	Starting timer
1538497479394	addons.manager	DEBUG	Starting provider: PreviousExperimentProvider
1538497479394	addons.manager	DEBUG	Registering shutdown blocker for PreviousExperimentProvider
1538497479395	addons.manager	DEBUG	Provider finished startup: PreviousExperimentProvider
1538497479400	DeferredSave.extensions.json	DEBUG	Starting write
1538497479499	DeferredSave.addons.json	DEBUG	Starting write
1538497479532	DeferredSave.extensions.json	DEBUG	Write succeeded
1538497479536	DeferredSave.addons.json	DEBUG	Write succeeded
1538497483460	addons.xpi	DEBUG	Calling bootstrap method shutdown on e10srollout@mozilla.org version 1.0
1538497483460	addons.xpi	DEBUG	Calling bootstrap method shutdown on firefox@getpocket.com version 1.0.2
1538497483461	addons.xpi	DEBUG	Calling bootstrap method shutdown on loop@mozilla.org version 1.3.2
1538497483462	addons.xpi	DEBUG	Calling bootstrap method shutdown on websensehelper@mozilla.org version 1.0
1538497483789	addons.manager	DEBUG	shutdown
1538497483790	addons.manager	DEBUG	Calling shutdown blocker for XPIProvider
1538497483790	addons.xpi	DEBUG	shutdown
1538497483790	addons.xpi-utils	DEBUG	shutdown
1538497483790	addons.manager	DEBUG	Calling shutdown blocker for LightweightThemeManager
1538497483791	addons.manager	DEBUG	Calling shutdown blocker for GMPProvider
1538497483792	addons.manager	DEBUG	Calling shutdown blocker for PluginProvider
1538497483792	addons.manager	DEBUG	Calling shutdown blocker for &lt;unnamed-provider&gt;
1538497483793	addons.manager	DEBUG	Calling shutdown blocker for PreviousExperimentProvider
1538497483795	addons.xpi	DEBUG	Notifying XPI shutdown observers
1538497483797	addons.manager	DEBUG	Async provider shutdown done

Build info: version: &#039;2.53.0&#039;, revision: &#039;35ae25b&#039;, time: &#039;2016-03-15 16:57:40&#039;
System info: host: &#039;DESKTOP-648CC2F&#039;, ip: &#039;192.168.189.1&#039;, os.name: &#039;Windows 10&#039;, os.arch: &#039;amd64&#039;, os.version: &#039;10.0&#039;, java.version: &#039;1.8.0_151&#039;
Driver info: driver.version: FirefoxDriver">
      <![CDATA[org.openqa.selenium.WebDriverException: Failed to connect to binary FirefoxBinary(C:\Program Files (x86)\Mozilla Firefox\firefox.exe) on port 7055; process output follows: 
69addons.xpiDEBUGRegistering manifest for C:\Program Files (x86)\Mozilla Firefox\browser\features\firefox@getpocket.com.xpi
1538497477470addons.xpiDEBUGCalling bootstrap method startup on firefox@getpocket.com version 1.0.2
1538497477470addons.xpiDEBUGRegistering manifest for C:\Program Files (x86)\Mozilla Firefox\browser\features\loop@mozilla.org.xpi
1538497477471addons.xpiDEBUGCalling bootstrap method startup on loop@mozilla.org version 1.3.2
1538497477485addons.xpiDEBUGRegistering manifest for C:\Program Files (x86)\Mozilla Firefox\browser\features\websensehelper@mozilla.org.xpi
1538497477485addons.xpiDEBUGCalling bootstrap method startup on websensehelper@mozilla.org version 1.0
1538497477488addons.managerDEBUGRegistering shutdown blocker for XPIProvider
1538497477488addons.managerDEBUGProvider finished startup: XPIProvider
1538497477488addons.managerDEBUGStarting provider: LightweightThemeManager
1538497477489addons.managerDEBUGRegistering shutdown blocker for LightweightThemeManager
1538497477489addons.managerDEBUGProvider finished startup: LightweightThemeManager
1538497477489addons.managerDEBUGStarting provider: GMPProvider
1538497477493addons.managerDEBUGRegistering shutdown blocker for GMPProvider
1538497477493addons.managerDEBUGProvider finished startup: GMPProvider
1538497477494addons.managerDEBUGStarting provider: PluginProvider
1538497477494addons.managerDEBUGRegistering shutdown blocker for PluginProvider
1538497477494addons.managerDEBUGProvider finished startup: PluginProvider
1538497477494addons.managerDEBUGCompleted startup sequence
[GFX1]: Potential driver version mismatch ignored due to missing DLLs 0.0.0.0 and 0.0.0.0
1538497478854addons.managerDEBUGStarting provider: <unnamed-provider>
1538497478854addons.managerDEBUGRegistering shutdown blocker for <unnamed-provider>
1538497478854addons.managerDEBUGProvider finished startup: <unnamed-provider>
1538497479343DeferredSave.extensions.jsonDEBUGWrite succeeded
1538497479344addons.xpi-utilsDEBUGXPI Database saved, setting schema version preference to 17
1538497479344DeferredSave.extensions.jsonDEBUGStarting timer
1538497479358addons.repositoryDEBUGNo addons.json found.
1538497479358DeferredSave.addons.jsonDEBUGSave changes
1538497479360DeferredSave.addons.jsonDEBUGStarting timer
1538497479394addons.managerDEBUGStarting provider: PreviousExperimentProvider
1538497479394addons.managerDEBUGRegistering shutdown blocker for PreviousExperimentProvider
1538497479395addons.managerDEBUGProvider finished startup: PreviousExperimentProvider
1538497479400DeferredSave.extensions.jsonDEBUGStarting write
1538497479499DeferredSave.addons.jsonDEBUGStarting write
1538497479532DeferredSave.extensions.jsonDEBUGWrite succeeded
1538497479536DeferredSave.addons.jsonDEBUGWrite succeeded
1538497483460addons.xpiDEBUGCalling bootstrap method shutdown on e10srollout@mozilla.org version 1.0
1538497483460addons.xpiDEBUGCalling bootstrap method shutdown on firefox@getpocket.com version 1.0.2
1538497483461addons.xpiDEBUGCalling bootstrap method shutdown on loop@mozilla.org version 1.3.2
1538497483462addons.xpiDEBUGCalling bootstrap method shutdown on websensehelper@mozilla.org version 1.0
1538497483789addons.managerDEBUGshutdown
1538497483790addons.managerDEBUGCalling shutdown blocker for XPIProvider
1538497483790addons.xpiDEBUGshutdown
1538497483790addons.xpi-utilsDEBUGshutdown
1538497483790addons.managerDEBUGCalling shutdown blocker for LightweightThemeManager
1538497483791addons.managerDEBUGCalling shutdown blocker for GMPProvider
1538497483792addons.managerDEBUGCalling shutdown blocker for PluginProvider
1538497483792addons.managerDEBUGCalling shutdown blocker for <unnamed-provider>
1538497483793addons.managerDEBUGCalling shutdown blocker for PreviousExperimentProvider
1538497483795addons.xpiDEBUGNotifying XPI shutdown observers
1538497483797addons.managerDEBUGAsync provider shutdown done

Build info: version: '2.53.0', revision: '35ae25b', time: '2016-03-15 16:57:40'
System info: host: 'DESKTOP-648CC2F', ip: '192.168.189.1', os.name: 'Windows 10', os.arch: 'amd64', os.version: '10.0', java.version: '1.8.0_151'
Driver info: driver.version: FirefoxDriver
at org.openqa.selenium.firefox.internal.NewProfileExtensionConnection.start(NewProfileExtensionConnection.java:124)
at org.openqa.selenium.firefox.FirefoxDriver.startClient(FirefoxDriver.java:271)
at org.openqa.selenium.remote.RemoteWebDriver.<init>(RemoteWebDriver.java:119)
at org.openqa.selenium.firefox.FirefoxDriver.<init>(FirefoxDriver.java:218)
at org.openqa.selenium.firefox.FirefoxDriver.<init>(FirefoxDriver.java:211)
at org.openqa.selenium.firefox.FirefoxDriver.<init>(FirefoxDriver.java:207)
at org.openqa.selenium.firefox.FirefoxDriver.<init>(FirefoxDriver.java:120)
at test.login.logInToGmail(login.java:28)
at sun.reflect.NativeMethodAccessorImpl.invoke0(Native Method)
at sun.reflect.NativeMethodAccessorImpl.invoke(Unknown Source)
at sun.reflect.DelegatingMethodAccessorImpl.invoke(Unknown Source)
at java.lang.reflect.Method.invoke(Unknown Source)
at org.testng.internal.MethodInvocationHelper.invokeMethod(MethodInvocationHelper.java:124)
at org.testng.internal.Invoker.invokeMethod(Invoker.java:580)
at org.testng.internal.Invoker.invokeTestMethod(Invoker.java:716)
at org.testng.internal.Invoker.invokeTestMethods(Invoker.java:988)
at org.testng.internal.TestMethodWorker.invokeTestMethods(TestMethodWorker.java:125)
at org.testng.internal.TestMethodWorker.run(TestMethodWorker.java:109)
at org.testng.TestRunner.privateRun(TestRunner.java:648)
at org.testng.TestRunner.run(TestRunner.java:505)
at org.testng.SuiteRunner.runTest(SuiteRunner.java:455)
at org.testng.SuiteRunner.runSequentially(SuiteRunner.java:450)
at org.testng.SuiteRunner.privateRun(SuiteRunner.java:415)
at org.testng.SuiteRunner.run(SuiteRunner.java:364)
at org.testng.SuiteRunnerWorker.runSuite(SuiteRunnerWorker.java:52)
at org.testng.SuiteRunnerWorker.run(SuiteRunnerWorker.java:84)
at org.testng.TestNG.runSuitesSequentially(TestNG.java:1208)
at org.testng.TestNG.runSuitesLocally(TestNG.java:1137)
at org.testng.TestNG.runSuites(TestNG.java:1049)
at org.testng.TestNG.run(TestNG.java:1017)
at org.testng.remote.AbstractRemoteTestNG.run(AbstractRemoteTestNG.java:114)
at org.testng.remote.RemoteTestNG.initAndRun(RemoteTestNG.java:251)
at org.testng.remote.RemoteTestNG.main(RemoteTestNG.java:77)
Caused by: org.openqa.selenium.firefox.NotConnectedException: Unable to connect to host 127.0.0.1 on port 7055 after 45000 ms. Firefox console output:
69addons.xpiDEBUGRegistering manifest for C:\Program Files (x86)\Mozilla Firefox\browser\features\firefox@getpocket.com.xpi
1538497477470addons.xpiDEBUGCalling bootstrap method startup on firefox@getpocket.com version 1.0.2
1538497477470addons.xpiDEBUGRegistering manifest for C:\Program Files (x86)\Mozilla Firefox\browser\features\loop@mozilla.org.xpi
1538497477471addons.xpiDEBUGCalling bootstrap method startup on loop@mozilla.org version 1.3.2
1538497477485addons.xpiDEBUGRegistering manifest for C:\Program Files (x86)\Mozilla Firefox\browser\features\websensehelper@mozilla.org.xpi
1538497477485addons.xpiDEBUGCalling bootstrap method startup on websensehelper@mozilla.org version 1.0
1538497477488addons.managerDEBUGRegistering shutdown blocker for XPIProvider
1538497477488addons.managerDEBUGProvider finished startup: XPIProvider
1538497477488addons.managerDEBUGStarting provider: LightweightThemeManager
1538497477489addons.managerDEBUGRegistering shutdown blocker for LightweightThemeManager
1538497477489addons.managerDEBUGProvider finished startup: LightweightThemeManager
1538497477489addons.managerDEBUGStarting provider: GMPProvider
1538497477493addons.managerDEBUGRegistering shutdown blocker for GMPProvider
1538497477493addons.managerDEBUGProvider finished startup: GMPProvider
1538497477494addons.managerDEBUGStarting provider: PluginProvider
1538497477494addons.managerDEBUGRegistering shutdown blocker for PluginProvider
1538497477494addons.managerDEBUGProvider finished startup: PluginProvider
1538497477494addons.managerDEBUGCompleted startup sequence
[GFX1]: Potential driver version mismatch ignored due to missing DLLs 0.0.0.0 and 0.0.0.0
1538497478854addons.managerDEBUGStarting provider: <unnamed-provider>
1538497478854addons.managerDEBUGRegistering shutdown blocker for <unnamed-provider>
1538497478854addons.managerDEBUGProvider finished startup: <unnamed-provider>
1538497479343DeferredSave.extensions.jsonDEBUGWrite succeeded
1538497479344addons.xpi-utilsDEBUGXPI Database saved, setting schema version preference to 17
1538497479344DeferredSave.extensions.jsonDEBUGStarting timer
1538497479358addons.repositoryDEBUGNo addons.json found.
1538497479358DeferredSave.addons.jsonDEBUGSave changes
1538497479360DeferredSave.addons.jsonDEBUGStarting timer
1538497479394addons.managerDEBUGStarting provider: PreviousExperimentProvider
1538497479394addons.managerDEBUGRegistering shutdown blocker for PreviousExperimentProvider
1538497479395addons.managerDEBUGProvider finished startup: PreviousExperimentProvider
1538497479400DeferredSave.extensions.jsonDEBUGStarting write
1538497479499DeferredSave.addons.jsonDEBUGStarting write
1538497479532DeferredSave.extensions.jsonDEBUGWrite succeeded
1538497479536DeferredSave.addons.jsonDEBUGWrite succeeded
1538497483460addons.xpiDEBUGCalling bootstrap method shutdown on e10srollout@mozilla.org version 1.0
1538497483460addons.xpiDEBUGCalling bootstrap method shutdown on firefox@getpocket.com version 1.0.2
1538497483461addons.xpiDEBUGCalling bootstrap method shutdown on loop@mozilla.org version 1.3.2
1538497483462addons.xpiDEBUGCalling bootstrap method shutdown on websensehelper@mozilla.org version 1.0
1538497483789addons.managerDEBUGshutdown
1538497483790addons.managerDEBUGCalling shutdown blocker for XPIProvider
1538497483790addons.xpiDEBUGshutdown
1538497483790addons.xpi-utilsDEBUGshutdown
1538497483790addons.managerDEBUGCalling shutdown blocker for LightweightThemeManager
1538497483791addons.managerDEBUGCalling shutdown blocker for GMPProvider
1538497483792addons.managerDEBUGCalling shutdown blocker for PluginProvider
1538497483792addons.managerDEBUGCalling shutdown blocker for <unnamed-provider>
1538497483793addons.managerDEBUGCalling shutdown blocker for PreviousExperimentProvider
1538497483795addons.xpiDEBUGNotifying XPI shutdown observers
1538497483797addons.managerDEBUGAsync provider shutdown done

at org.openqa.selenium.firefox.internal.NewProfileExtensionConnection.start(NewProfileExtensionConnection.java:112)
... 32 more
]]>
    </error>
  </testcase> <!-- logInToGmail -->
</testsuite> <!-- test.login -->
