<?xml version="1.0" encoding="UTF-8"?>
<!-- Generated by org.testng.reporters.JUnitReportReporter -->
<testsuite skipped="0" hostname="DESKTOP-648CC2F" name="test.day2" tests="1" failures="0" timestamp="02 Oct 2018 14:41:07 GMT" time="0.001" errors="0">
  <testcase name="SecondFile" time="0.001" classname="test.day2"/>
</testsuite> <!-- test.day2 -->
