<?xml version="1.0" encoding="UTF-8"?>
<!-- Generated by org.testng.reporters.JUnitReportReporter -->
<testsuite skipped="0" hostname="DESKTOP-648CC2F" name="test.day3" tests="4" failures="0" timestamp="02 Oct 2018 14:41:07 GMT" time="0.015" errors="0">
  <testcase name="day6" time="0.008" classname="test.day3"/>
  <testcase name="Mobileday4" time="0.002" classname="test.day3"/>
  <testcase name="Last" time="0.002" classname="test.day3"/>
  <testcase name="day5" time="0.003" classname="test.day3"/>
</testsuite> <!-- test.day3 -->
