<?xml version="1.0" encoding="UTF-8"?>
<!-- Generated by org.testng.reporters.JUnitReportReporter -->
<testsuite skipped="0" hostname="DESKTOP-648CC2F" name="test.DataProviderCases" tests="3" failures="0" timestamp="02 Oct 2018 13:14:12 GMT" time="0.016" errors="0">
  <testcase name="setData" time="0.004" classname="test.DataProviderCases"/>
  <testcase name="setData" time="0.004" classname="test.DataProviderCases"/>
  <testcase name="setData" time="0.008" classname="test.DataProviderCases"/>
</testsuite> <!-- test.DataProviderCases -->
